<?xml version="1.0" encoding="UTF-8"?>
<!-- Generated by org.testng.reporters.JUnitReportReporter -->
<testsuite hostname="YUSUF-MSI" failures="0" tests="1" name="cucumber.TestNGTestRunner" time="18.148" errors="0" timestamp="2024-07-05T04:50:14 IST" skipped="0">
  <testcase classname="cucumber.TestNGTestRunner" name="runScenario" time="18.148"/>
  <system-out/>
</testsuite> <!-- cucumber.TestNGTestRunner -->
