<?xml version="1.0" encoding="UTF-8"?>
<!-- Generated by org.testng.reporters.JUnitReportReporter -->
<testsuite hostname="YUSUF-MSI" failures="0" tests="3" name="companyname.Project_SeleniumFrameworkTests.SubmitOrderTest" time="39.944" errors="0" timestamp="2024-05-15T03:46:23 IST" skipped="0">
  <testcase classname="companyname.Project_SeleniumFrameworkTests.SubmitOrderTest" name="submitOrder" time="17.640"/>
  <system-out/>
  <testcase classname="companyname.Project_SeleniumFrameworkTests.SubmitOrderTest" name="OrderHistoryTest" time="4.496"/>
  <system-out/>
  <testcase classname="companyname.Project_SeleniumFrameworkTests.SubmitOrderTest" name="submitOrder" time="17.808"/>
  <system-out/>
</testsuite> <!-- companyname.Project_SeleniumFrameworkTests.SubmitOrderTest -->
