<?xml version="1.0" encoding="UTF-8"?>
<!-- Generated by org.testng.reporters.JUnitReportReporter -->
<testsuite hostname="YUSUF-MSI" failures="0" tests="3" name="companyname.Project_SeleniumFrameworkTests.SubmitOrderTest" time="39.096" errors="0" timestamp="2024-07-05T05:54:33 IST" skipped="0">
  <testcase classname="companyname.Project_SeleniumFrameworkTests.SubmitOrderTest" name="OrderHistoryTest" time="3.405"/>
  <testcase classname="companyname.Project_SeleniumFrameworkTests.SubmitOrderTest" name="submitOrder" time="17.567"/>
  <testcase classname="companyname.Project_SeleniumFrameworkTests.SubmitOrderTest" name="submitOrder" time="18.124"/>
</testsuite> <!-- companyname.Project_SeleniumFrameworkTests.SubmitOrderTest -->
