<?xml version="1.0" encoding="UTF-8"?>
<!-- Generated by org.testng.reporters.JUnitReportReporter -->
<testsuite hostname="YUSUF-MSI" failures="0" tests="2" name="companyname.Project_SeleniumFrameworkTests.ErrorValidations" time="21.191" errors="0" timestamp="2024-07-05T05:50:22 IST" skipped="0">
  <testcase classname="companyname.Project_SeleniumFrameworkTests.ErrorValidations" name="LoginErrorValidation" time="4.446"/>
  <testcase classname="companyname.Project_SeleniumFrameworkTests.ErrorValidations" name="ProductErrorValidation" time="16.745"/>
</testsuite> <!-- companyname.Project_SeleniumFrameworkTests.ErrorValidations -->
